<?xml version="1.0" encoding="UTF-8"?>
<testng-results skipped="0" failed="0" ignored="0" total="1" passed="1">
  <reporter-output>
  </reporter-output>
  <suite name="Default suite" duration-ms="17671" started-at="2021-06-23T10:05:22Z" finished-at="2021-06-23T10:05:39Z">
    <groups>
    </groups>
    <test name="Default test" duration-ms="17671" started-at="2021-06-23T10:05:22Z" finished-at="2021-06-23T10:05:39Z">
      <class name="Assignment.Assignment1">
        <test-method status="PASS" signature="beforeTest()[pri:0, instance:Assignment.Assignment1@7fa833]" name="beforeTest" is-config="true" duration-ms="12427" started-at="2021-06-23T10:05:22Z" finished-at="2021-06-23T10:05:34Z">
          <reporter-output>
          </reporter-output>
        </test-method> <!-- beforeTest -->
        <test-method status="PASS" signature="f()[pri:0, instance:Assignment.Assignment1@7fa833]" name="f" duration-ms="5206" started-at="2021-06-23T10:05:34Z" finished-at="2021-06-23T10:05:39Z">
          <reporter-output>
          </reporter-output>
        </test-method> <!-- f -->
        <test-method status="PASS" signature="afterTest()[pri:0, instance:Assignment.Assignment1@7fa833]" name="afterTest" is-config="true" duration-ms="7" started-at="2021-06-23T10:05:39Z" finished-at="2021-06-23T10:05:39Z">
          <reporter-output>
          </reporter-output>
        </test-method> <!-- afterTest -->
      </class> <!-- Assignment.Assignment1 -->
    </test> <!-- Default test -->
  </suite> <!-- Default suite -->
</testng-results>
